=== New Request ===
Method: POST
Query String: user=testuser&filename=file.txt
Parsed params - query: '', user: 'testuser', log: '', history: ''
=== New Request ===
Method: GET
Query String: query=ab&user=testuser&log=0
Parsed params - query: 'ab', user: 'testuser', log: '0', history: ''
Search request - query: 'ab', user: 'testuser'
Found 3 matches in default file
Could not open database
Total matches found: 3
=== New Request ===
Method: GET
Query String: query=a&user=testuser&log=0
Parsed params - query: 'a', user: 'testuser', log: '0', history: ''
Search request - query: 'a', user: 'testuser'
Found 3 matches in default file
Could not open database
Total matches found: 3
=== New Request ===
Method: GET
Query String: query=abc&user=testuser&log=0
Parsed params - query: 'abc', user: 'testuser', log: '0', history: ''
Search request - query: 'abc', user: 'testuser'
Found 1 matches in default file
Could not open database
Total matches found: 1
=== New Request ===
Method: POST
Query String: user=testuser&filename=qwer.txt
Parsed params - query: '', user: 'testuser', log: '', history: ''
=== New Request ===
Method: GET
Query String: query=abbc%0D&user=testuser&log=1
Parsed params - query: 'abbc', user: 'testuser', log: '1', history: ''
=== New Request ===
Method: GET
Query String: query=m&user=testuser&log=0
Parsed params - query: 'm', user: 'testuser', log: '0', history: ''
Search request - query: 'm', user: 'testuser'
Found 0 matches in default file
Could not open database
Total matches found: 0
=== New Request ===
Method: GET
Query String: query=my&user=testuser&log=0
Parsed params - query: 'my', user: 'testuser', log: '0', history: ''
Search request - query: 'my', user: 'testuser'
Found 0 matches in default file
Could not open database
Total matches found: 0
=== New Request ===
Method: POST
Query String: user=testuser&filename=file2.txt
Parsed params - query: '', user: 'testuser', log: '', history: ''
=== New Request ===
Method: GET
Query String: query=q&user=testuser&log=0
Parsed params - query: 'q', user: 'testuser', log: '0', history: ''
Search request - query: 'q', user: 'testuser'
Found 0 matches in default file
Could not open database
Total matches found: 0
=== New Request ===
Method: GET
Query String: query=qw&user=testuser&log=0
Parsed params - query: 'qw', user: 'testuser', log: '0', history: ''
Search request - query: 'qw', user: 'testuser'
Found 0 matches in default file
Could not open database
Total matches found: 0
=== New Request ===
Method: GET
Query String: query=qwe&user=testuser&log=0
Parsed params - query: 'qwe', user: 'testuser', log: '0', history: ''
Search request - query: 'qwe', user: 'testuser'
Found 0 matches in default file
Could not open database
Total matches found: 0
=== New Request ===
Method: GET
Query String: history=1&user=testuser
Parsed params - query: '', user: 'testuser', log: '', history: '1'
=== New Request ===
Method: GET
Query String: history=1&user=testuser
Parsed params - query: '', user: 'testuser', log: '', history: '1'
=== New Request ===
Method: GET
Query String: history=1&user=testuser
Parsed params - query: '', user: 'testuser', log: '', history: '1'
=== New Request ===
Method: GET
Query String: history=1&user=testuser
Parsed params - query: '', user: 'testuser', log: '', history: '1'
=== New Request ===
Method: GET
Query String: history=1&user=testuser
Parsed params - query: '', user: 'testuser', log: '', history: '1'
=== New Request ===
Method: GET
Query String: history=1&user=testuser
Parsed params - query: '', user: 'testuser', log: '', history: '1'
=== New Request ===
Method: GET
Query String: history=1&user=testuser
Parsed params - query: '', user: 'testuser', log: '', history: '1'
=== New Request ===
Method: GET
Query String: history=1&user=testuser
Parsed params - query: '', user: 'testuser', log: '', history: '1'
=== New Request ===
Method: GET
Query String: history=1&user=testuser
Parsed params - query: '', user: 'testuser', log: '', history: '1'
=== New Request ===
Method: GET
Query String: history=1&user=testuser
Parsed params - query: '', user: 'testuser', log: '', history: '1'
=== New Request ===
Method: GET
Query String: history=1&user=testuser
Parsed params - query: '', user: 'testuser', log: '', history: '1'
=== New Request ===
Method: GET
Query String: uploads=1&user=testuser
Parsed params - query: '', user: 'testuser', log: '', history: ''
=== New Request ===
Method: POST
Query String: user=testuser&filename=file2.txt
Parsed params - query: '', user: 'testuser', log: '', history: ''
=== New Request ===
Method: GET
Query String: history=1&user=testuser
Parsed params - query: '', user: 'testuser', log: '', history: '1'
=== New Request ===
Method: GET
Query String: history=1&user=testuser
Parsed params - query: '', user: 'testuser', log: '', history: '1'
=== New Request ===
Method: GET
Query String: history=1&user=guest
Parsed params - query: '', user: 'guest', log: '', history: '1'
History request for user: 'guest'
Failed to open database for history
=== New Request ===
Method: POST
Query String: user=testuser&filename=file.txt
Parsed params - query: '', user: 'testuser', log: '', history: ''
POST upload - user: 'testuser', filename: 'file.txt'
Failed to open database for upload
=== New Request ===
Method: GET
Query String: query=a&user=testuser&log=0
Parsed params - query: 'a', user: 'testuser', log: '0', history: ''
Autocomplete request - query: 'a', user: 'testuser'
Found 3 matches in default file
Could not open database for file search
Total matches found: 3
=== New Request ===
Method: GET
Query String: query=ab&user=testuser&log=0
Parsed params - query: 'ab', user: 'testuser', log: '0', history: ''
Autocomplete request - query: 'ab', user: 'testuser'
Found 3 matches in default file
Could not open database for file search
Total matches found: 3
=== New Request ===
Method: GET
Query String: query=abc&user=testuser&log=0
Parsed params - query: 'abc', user: 'testuser', log: '0', history: ''
Autocomplete request - query: 'abc', user: 'testuser'
Found 1 matches in default file
Could not open database for file search
Total matches found: 1
=== New Request ===
Method: GET
Query String: query=ab&user=testuser&log=0
Parsed params - query: 'ab', user: 'testuser', log: '0', history: ''
Autocomplete request - query: 'ab', user: 'testuser'
Found 3 matches in default file
Could not open database for file search
Total matches found: 3
=== New Request ===
Method: GET
Query String: query=a&user=testuser&log=0
Parsed params - query: 'a', user: 'testuser', log: '0', history: ''
Autocomplete request - query: 'a', user: 'testuser'
Found 3 matches in default file
Could not open database for file search
Total matches found: 3
=== New Request ===
Method: GET
Query String: query=ab&user=testuser&log=0
Parsed params - query: 'ab', user: 'testuser', log: '0', history: ''
Autocomplete request - query: 'ab', user: 'testuser'
Found 3 matches in default file
Could not open database for file search
Total matches found: 3
=== New Request ===
Method: GET
Query String: query=abc&user=testuser&log=0
Parsed params - query: 'abc', user: 'testuser', log: '0', history: ''
Autocomplete request - query: 'abc', user: 'testuser'
Found 1 matches in default file
Could not open database for file search
Total matches found: 1
=== New Request ===
Method: GET
Query String: history=1&user=testuser
Parsed params - query: '', user: 'testuser', log: '', history: '1'
History request for user: 'testuser'
Failed to open database for history
=== New Request ===
Method: GET
Query String: query=a&user=testuser&log=0
Parsed params - query: 'a', user: 'testuser', log: '0', history: ''
Autocomplete request - query: 'a', user: 'testuser'
Found 3 matches in default file
Could not open database for file search
Total matches found: 3
=== New Request ===
Method: POST
Query String: user=testuser&filename=qwer.txt
Parsed params - query: '', user: 'testuser', log: '', history: ''
POST upload - user: 'testuser', filename: 'qwer.txt'
Failed to open database for upload
=== New Request ===
Method: GET
Query String: query=m&user=testuser&log=0
Parsed params - query: 'm', user: 'testuser', log: '0', history: ''
Autocomplete request - query: 'm', user: 'testuser'
Found 0 matches in default file
Could not open database for file search
Total matches found: 0
=== New Request ===
Method: GET
Query String: query=my&user=testuser&log=0
Parsed params - query: 'my', user: 'testuser', log: '0', history: ''
Autocomplete request - query: 'my', user: 'testuser'
Found 0 matches in default file
Could not open database for file search
Total matches found: 0
=== New Request ===
Method: GET
Query String: query=m&user=testuser&log=0
Parsed params - query: 'm', user: 'testuser', log: '0', history: ''
Autocomplete request - query: 'm', user: 'testuser'
Found 0 matches in default file
Could not open database for file search
Total matches found: 0
=== New Request ===
Method: POST
Query String: user=testuser&filename=file2.txt
Parsed params - query: '', user: 'testuser', log: '', history: ''
POST upload - user: 'testuser', filename: 'file2.txt'
Failed to open database for upload
=== New Request ===
Method: POST
Query String: user=testuser&filename=file.txt
Parsed params - query: '', user: 'testuser', log: '', history: ''
POST upload - user: 'testuser', filename: 'file.txt'
Failed to open database for upload
=== New Request ===
Method: GET
Query String: query=a&user=testuser&log=0
Parsed params - query: 'a', user: 'testuser', log: '0', history: ''
Autocomplete request - query: 'a', user: 'testuser'
Found 3 matches in default file
Could not open database for file search
Total matches found: 3
=== New Request ===
Method: GET
Query String: query=ab&user=testuser&log=0
Parsed params - query: 'ab', user: 'testuser', log: '0', history: ''
Autocomplete request - query: 'ab', user: 'testuser'
Found 3 matches in default file
Could not open database for file search
Total matches found: 3
=== New Request ===
Method: GET
Query String: query=abv&user=testuser&log=0
Parsed params - query: 'abv', user: 'testuser', log: '0', history: ''
Autocomplete request - query: 'abv', user: 'testuser'
Found 0 matches in default file
Could not open database for file search
Total matches found: 0
=== New Request ===
Method: POST
Query String: user=testuser&filename=qwer.txt
Parsed params - query: '', user: 'testuser', log: '', history: ''
POST upload - user: 'testuser', filename: 'qwer.txt'
Failed to open database for upload
=== New Request ===
Method: GET
Query String: history=1&user=testuser
Parsed params - query: '', user: 'testuser', log: '', history: '1'
History request for user: 'testuser'
Failed to open database for history
=== New Request ===
Method: POST
Query String: user=testuser&filename=file2.txt
Parsed params - query: '', user: 'testuser', log: '', history: ''
POST upload - user: 'testuser', filename: 'file2.txt'
Failed to open database for upload
=== New Request ===
Method: GET
Query String: query=a&user=testuser&log=0
Parsed params - query: 'a', user: 'testuser', log: '0', history: ''
Autocomplete request - query: 'a', user: 'testuser'
Found 3 matches in default file
Could not open database for file search
Total matches found: 3
=== New Request ===
Method: POST
Query String: user=testuser&filename=qwer.txt
Parsed params - query: '', user: 'testuser', log: '', history: ''
POST upload - user: 'testuser', filename: 'qwer.txt'
Failed to open database for upload
=== New Request ===
Method: GET
Query String: query=m&user=testuser&log=0
Parsed params - query: 'm', user: 'testuser', log: '0', history: ''
Autocomplete request - query: 'm', user: 'testuser'
Found 0 matches in default file
Could not open database for file search
Total matches found: 0
=== New Request ===
Method: GET
Query String: query=my&user=testuser&log=0
Parsed params - query: 'my', user: 'testuser', log: '0', history: ''
Autocomplete request - query: 'my', user: 'testuser'
Found 0 matches in default file
Could not open database for file search
Total matches found: 0
=== New Request ===
Method: GET
Query String: history=1&user=testuser
Parsed params - query: '', user: 'testuser', log: '', history: '1'
History request for user: 'testuser'
Failed to open database for history
=== New Request ===
Method: GET
Query String: query=m&user=testuser&log=0
Parsed params - query: 'm', user: 'testuser', log: '0', history: ''
Autocomplete request - query: 'm', user: 'testuser'
Found 0 matches in default file
Could not open database for file search
Total matches found: 0
=== New Request ===
Method: GET
Query String: query=my&user=testuser&log=0
Parsed params - query: 'my', user: 'testuser', log: '0', history: ''
Autocomplete request - query: 'my', user: 'testuser'
Found 0 matches in default file
Could not open database for file search
Total matches found: 0
=== New Request ===
Method: GET
Query String: history=1&user=testuser
Parsed params - query: '', user: 'testuser', log: '', history: '1'
History request for user: 'testuser'
Failed to open database for history
=== New Request ===
Method: POST
Query String: user=testuser&filename=qwer.txt
Parsed params - query: '', user: 'testuser', log: '', history: ''
POST upload - user: 'testuser', filename: 'qwer.txt'
Failed to open database for upload
=== New Request ===
Method: GET
Query String: query=m&user=testuser&log=0
Parsed params - query: 'm', user: 'testuser', log: '0', history: ''
Autocomplete request - query: 'm', user: 'testuser'
Found 0 matches in default file
Could not open database for file search
Total matches found: 0
=== New Request ===
Method: GET
Query String: query=my&user=testuser&log=0
Parsed params - query: 'my', user: 'testuser', log: '0', history: ''
Autocomplete request - query: 'my', user: 'testuser'
Found 0 matches in default file
Could not open database for file search
Total matches found: 0
=== New Request ===
Method: GET
Query String: query=mym&user=testuser&log=0
Parsed params - query: 'mym', user: 'testuser', log: '0', history: ''
Autocomplete request - query: 'mym', user: 'testuser'
Found 0 matches in default file
Could not open database for file search
Total matches found: 0
=== New Request ===
Method: GET
Query String: query=mymm&user=testuser&log=0
Parsed params - query: 'mymm', user: 'testuser', log: '0', history: ''
Autocomplete request - query: 'mymm', user: 'testuser'
Found 0 matches in default file
Could not open database for file search
Total matches found: 0
=== New Request ===
Method: GET
Query String: query=mymmy&user=testuser&log=0
Parsed params - query: 'mymmy', user: 'testuser', log: '0', history: ''
Autocomplete request - query: 'mymmy', user: 'testuser'
Found 0 matches in default file
Could not open database for file search
Total matches found: 0
=== New Request ===
Method: GET
Query String: query=mymm&user=testuser&log=0
Parsed params - query: 'mymm', user: 'testuser', log: '0', history: ''
Autocomplete request - query: 'mymm', user: 'testuser'
Found 0 matches in default file
Could not open database for file search
Total matches found: 0
=== New Request ===
Method: GET
Query String: query=mym&user=testuser&log=0
Parsed params - query: 'mym', user: 'testuser', log: '0', history: ''
Autocomplete request - query: 'mym', user: 'testuser'
Found 0 matches in default file
Could not open database for file search
Total matches found: 0
=== New Request ===
Method: GET
Query String: query=my&user=testuser&log=0
Parsed params - query: 'my', user: 'testuser', log: '0', history: ''
Autocomplete request - query: 'my', user: 'testuser'
Found 0 matches in default file
Could not open database for file search
Total matches found: 0
=== New Request ===
Method: GET
Query String: query=m&user=testuser&log=0
Parsed params - query: 'm', user: 'testuser', log: '0', history: ''
Autocomplete request - query: 'm', user: 'testuser'
Found 0 matches in default file
Could not open database for file search
Total matches found: 0
=== New Request ===
Method: POST
Query String: user=testuser&filename=qwer.txt
Parsed params - query: '', user: 'testuser', log: '', history: ''
POST upload - user: 'testuser', filename: 'qwer.txt'
Failed to open database for upload
=== New Request ===
Method: GET
Query String: query=m&user=testuser&log=0
Parsed params - query: 'm', user: 'testuser', log: '0', history: ''
Autocomplete request - query: 'm', user: 'testuser'
Found 0 matches in default file
Could not open database for file search
Total matches found: 0
=== New Request ===
Method: GET
Query String: query=my&user=testuser&log=0
Parsed params - query: 'my', user: 'testuser', log: '0', history: ''
Autocomplete request - query: 'my', user: 'testuser'
Found 0 matches in default file
Could not open database for file search
Total matches found: 0
=== New Request ===
Method: GET
Query String: query=m&user=testuser&log=0
Parsed params - query: 'm', user: 'testuser', log: '0', history: ''
Autocomplete request - query: 'm', user: 'testuser'
Found 0 matches in default file
Could not open database for file search
Total matches found: 0
=== New Request ===
Method: GET
Query String: query=m&user=testuser&log=0
Parsed params - query: 'm', user: 'testuser', log: '0', history: ''
Autocomplete request - query: 'm', user: 'testuser'
Found 0 matches in default file
Could not open database for file search
Total matches found: 0
=== New Request ===
Method: GET
Query String: query=my&user=testuser&log=0
Parsed params - query: 'my', user: 'testuser', log: '0', history: ''
Autocomplete request - query: 'my', user: 'testuser'
Found 0 matches in default file
Could not open database for file search
Total matches found: 0
=== New Request ===
Method: GET
Query String: history=1&user=testuser
Parsed params - query: '', user: 'testuser', log: '', history: '1'
History request for user: 'testuser'
Failed to open database for history
=== New Request ===
Method: GET
Query String: uploads=1&user=testuser
Parsed params - query: '', user: 'testuser', log: '', history: ''
Upload history request for user: 'testuser'
Failed to open database for upload history
